<?xml version="1.0" encoding="UTF-8"?>
<testng-results ignored="0" total="2" passed="1" failed="1" skipped="0">
  <reporter-output>
  </reporter-output>
  <suite started-at="2022-02-16T22:42:03 GMT-05:00" name="Default suite" finished-at="2022-02-16T22:43:11 GMT-05:00" duration-ms="67458">
    <groups>
    </groups>
    <test started-at="2022-02-16T22:42:03 GMT-05:00" name="Default test" finished-at="2022-02-16T22:43:11 GMT-05:00" duration-ms="67458">
      <class name="TestPackage.LoginPageTest">
        <test-method is-config="true" signature="launchBrowser()[pri:0, instance:TestPackage.LoginPageTest@1349883]" started-at="2022-02-16T22:42:03 GMT-05:00" name="launchBrowser" finished-at="2022-02-16T22:42:14 GMT-05:00" duration-ms="11247" status="PASS">
          <reporter-output>
          </reporter-output>
        </test-method> <!-- launchBrowser -->
        <test-method signature="validateRegistrationOfPatientSuccessfully()[pri:1, instance:TestPackage.LoginPageTest@1349883]" started-at="2022-02-16T22:42:14 GMT-05:00" name="validateRegistrationOfPatientSuccessfully" finished-at="2022-02-16T22:42:43 GMT-05:00" duration-ms="28687" status="PASS">
          <reporter-output>
          </reporter-output>
        </test-method> <!-- validateRegistrationOfPatientSuccessfully -->
        <test-method is-config="true" signature="closeBrowser()[pri:0, instance:TestPackage.LoginPageTest@1349883]" started-at="2022-02-16T22:42:43 GMT-05:00" name="closeBrowser" finished-at="2022-02-16T22:42:43 GMT-05:00" duration-ms="56" status="PASS">
          <reporter-output>
          </reporter-output>
        </test-method> <!-- closeBrowser -->
        <test-method is-config="true" signature="launchBrowser()[pri:0, instance:TestPackage.LoginPageTest@1349883]" started-at="2022-02-16T22:42:43 GMT-05:00" name="launchBrowser" finished-at="2022-02-16T22:42:54 GMT-05:00" duration-ms="10734" status="PASS">
          <reporter-output>
          </reporter-output>
        </test-method> <!-- launchBrowser -->
        <test-method signature="verifyPatientIsAvailable()[pri:2, instance:TestPackage.LoginPageTest@1349883]" started-at="2022-02-16T22:42:54 GMT-05:00" name="verifyPatientIsAvailable" finished-at="2022-02-16T22:43:10 GMT-05:00" duration-ms="16655" status="FAIL">
          <exception class="java.lang.ClassCastException">
            <message>
              <![CDATA[class org.openqa.selenium.chrome.ChromeDriver cannot be cast to class org.openqa.selenium.WebElement (org.openqa.selenium.chrome.ChromeDriver and org.openqa.selenium.WebElement are in unnamed module of loader 'app')]]>
            </message>
            <full-stacktrace>
              <![CDATA[java.lang.ClassCastException: class org.openqa.selenium.chrome.ChromeDriver cannot be cast to class org.openqa.selenium.WebElement (org.openqa.selenium.chrome.ChromeDriver and org.openqa.selenium.WebElement are in unnamed module of loader 'app')
at Page.FindPatientPage.searchPatient(FindPatientPage.java:29)
at TestPackage.LoginPageTest.verifyPatientIsAvailable(LoginPageTest.java:58)
at java.base/jdk.internal.reflect.NativeMethodAccessorImpl.invoke0(Native Method)
at java.base/jdk.internal.reflect.NativeMethodAccessorImpl.invoke(NativeMethodAccessorImpl.java:77)
at java.base/jdk.internal.reflect.DelegatingMethodAccessorImpl.invoke(DelegatingMethodAccessorImpl.java:43)
at java.base/java.lang.reflect.Method.invoke(Method.java:568)
at org.testng.internal.MethodInvocationHelper.invokeMethod(MethodInvocationHelper.java:133)
at org.testng.internal.TestInvoker.invokeMethod(TestInvoker.java:598)
at org.testng.internal.TestInvoker.invokeTestMethod(TestInvoker.java:173)
at org.testng.internal.MethodRunner.runInSequence(MethodRunner.java:46)
at org.testng.internal.TestInvoker$MethodInvocationAgent.invoke(TestInvoker.java:824)
at org.testng.internal.TestInvoker.invokeTestMethods(TestInvoker.java:146)
at org.testng.internal.TestMethodWorker.invokeTestMethods(TestMethodWorker.java:146)
at org.testng.internal.TestMethodWorker.run(TestMethodWorker.java:128)
at java.base/java.util.ArrayList.forEach(ArrayList.java:1511)
at org.testng.TestRunner.privateRun(TestRunner.java:794)
at org.testng.TestRunner.run(TestRunner.java:596)
at org.testng.SuiteRunner.runTest(SuiteRunner.java:377)
at org.testng.SuiteRunner.runSequentially(SuiteRunner.java:371)
at org.testng.SuiteRunner.privateRun(SuiteRunner.java:332)
at org.testng.SuiteRunner.run(SuiteRunner.java:276)
at org.testng.SuiteRunnerWorker.runSuite(SuiteRunnerWorker.java:53)
at org.testng.SuiteRunnerWorker.run(SuiteRunnerWorker.java:96)
at org.testng.TestNG.runSuitesSequentially(TestNG.java:1212)
at org.testng.TestNG.runSuitesLocally(TestNG.java:1134)
at org.testng.TestNG.runSuites(TestNG.java:1063)
at org.testng.TestNG.run(TestNG.java:1031)
at org.testng.remote.AbstractRemoteTestNG.run(AbstractRemoteTestNG.java:115)
at org.testng.remote.RemoteTestNG.initAndRun(RemoteTestNG.java:251)
at org.testng.remote.RemoteTestNG.main(RemoteTestNG.java:77)
]]>
            </full-stacktrace>
          </exception> <!-- java.lang.ClassCastException -->
          <reporter-output>
          </reporter-output>
        </test-method> <!-- verifyPatientIsAvailable -->
        <test-method is-config="true" signature="closeBrowser()[pri:0, instance:TestPackage.LoginPageTest@1349883]" started-at="2022-02-16T22:43:10 GMT-05:00" name="closeBrowser" finished-at="2022-02-16T22:43:11 GMT-05:00" duration-ms="51" status="PASS">
          <reporter-output>
          </reporter-output>
        </test-method> <!-- closeBrowser -->
      </class> <!-- TestPackage.LoginPageTest -->
    </test> <!-- Default test -->
  </suite> <!-- Default suite -->
</testng-results>
